<?xml version="1.0" encoding="UTF-8"?>
<!-- Generated by org.testng.reporters.JUnitReportReporter -->
<testsuite skipped="0" hostname="DESKTOP-ESENG68" name="SeleniumPractise.MavenJava.AppTest" tests="1" failures="0" timestamp="2020-07-02T21:57:25 IST" time="0.014" errors="0">
  <testcase name="AppTest" time="0.014" classname="SeleniumPractise.MavenJava.AppTest"/>
  <system-out/>
</testsuite> <!-- SeleniumPractise.MavenJava.AppTest -->
